Started GET "/" for 127.0.0.1 at 2021-12-07 23:14:14 +0700
  [1m[35m (7.9ms)[0m  [1m[34mSELECT sqlite_version(*)[0m
  
ActiveRecord::PendingMigrationError (

Migrations are pending. To resolve this issue, run:

        rails db:migrate RAILS_ENV=development

):
  
activerecord (6.0.4.1) lib/active_record/migration.rb:586:in `check_pending!'
activerecord (6.0.4.1) lib/active_record/migration.rb:564:in `call'
actionpack (6.0.4.1) lib/action_dispatch/middleware/callbacks.rb:27:in `block in call'
activesupport (6.0.4.1) lib/active_support/callbacks.rb:101:in `run_callbacks'
actionpack (6.0.4.1) lib/action_dispatch/middleware/callbacks.rb:26:in `call'
actionpack (6.0.4.1) lib/action_dispatch/middleware/executor.rb:14:in `call'
actionpack (6.0.4.1) lib/action_dispatch/middleware/actionable_exceptions.rb:18:in `call'
actionpack (6.0.4.1) lib/action_dispatch/middleware/debug_exceptions.rb:32:in `call'
web-console (4.2.0) lib/web_console/middleware.rb:132:in `call_app'
web-console (4.2.0) lib/web_console/middleware.rb:28:in `block in call'
web-console (4.2.0) lib/web_console/middleware.rb:17:in `catch'
web-console (4.2.0) lib/web_console/middleware.rb:17:in `call'
actionpack (6.0.4.1) lib/action_dispatch/middleware/show_exceptions.rb:33:in `call'
railties (6.0.4.1) lib/rails/rack/logger.rb:37:in `call_app'
railties (6.0.4.1) lib/rails/rack/logger.rb:26:in `block in call'
activesupport (6.0.4.1) lib/active_support/tagged_logging.rb:80:in `block in tagged'
activesupport (6.0.4.1) lib/active_support/tagged_logging.rb:28:in `tagged'
activesupport (6.0.4.1) lib/active_support/tagged_logging.rb:80:in `tagged'
railties (6.0.4.1) lib/rails/rack/logger.rb:26:in `call'
sprockets-rails (3.4.1) lib/sprockets/rails/quiet_assets.rb:13:in `call'
actionpack (6.0.4.1) lib/action_dispatch/middleware/remote_ip.rb:81:in `call'
actionpack (6.0.4.1) lib/action_dispatch/middleware/request_id.rb:27:in `call'
rack (2.2.3) lib/rack/method_override.rb:24:in `call'
rack (2.2.3) lib/rack/runtime.rb:22:in `call'
activesupport (6.0.4.1) lib/active_support/cache/strategy/local_cache_middleware.rb:29:in `call'
actionpack (6.0.4.1) lib/action_dispatch/middleware/executor.rb:14:in `call'
actionpack (6.0.4.1) lib/action_dispatch/middleware/static.rb:126:in `call'
rack (2.2.3) lib/rack/sendfile.rb:110:in `call'
actionpack (6.0.4.1) lib/action_dispatch/middleware/host_authorization.rb:76:in `call'
webpacker (4.3.0) lib/webpacker/dev_server_proxy.rb:23:in `perform_request'
rack-proxy (0.7.0) lib/rack/proxy.rb:63:in `call'
railties (6.0.4.1) lib/rails/engine.rb:527:in `call'
puma (4.3.10) lib/puma/configuration.rb:228:in `call'
puma (4.3.10) lib/puma/server.rb:718:in `handle_request'
puma (4.3.10) lib/puma/server.rb:472:in `process_client'
puma (4.3.10) lib/puma/server.rb:328:in `block in run'
puma (4.3.10) lib/puma/thread_pool.rb:134:in `block in spawn_thread'
Started POST "/rails/actions" for 127.0.0.1 at 2021-12-07 23:14:16 +0700
  [1m[35m (4.7ms)[0m  [1m[35mCREATE TABLE "schema_migrations" ("version" varchar NOT NULL PRIMARY KEY)[0m
  [1m[35m (3.0ms)[0m  [1m[35mCREATE TABLE "ar_internal_metadata" ("key" varchar NOT NULL PRIMARY KEY, "value" varchar, "created_at" datetime(6) NOT NULL, "updated_at" datetime(6) NOT NULL)[0m
  [1m[35m (0.3ms)[0m  [1m[34mSELECT "schema_migrations"."version" FROM "schema_migrations" ORDER BY "schema_migrations"."version" ASC[0m
Migrating to CreateBooks (20211129090339)
  [1m[35m (0.1ms)[0m  [1m[36mbegin transaction[0m
  [1m[35m (1.1ms)[0m  [1m[35mCREATE TABLE "books" ("id" integer PRIMARY KEY AUTOINCREMENT NOT NULL, "title" varchar, "number_of_pages" integer, "created_at" datetime(6) NOT NULL, "updated_at" datetime(6) NOT NULL)[0m
  [1m[36mActiveRecord::SchemaMigration Create (0.1ms)[0m  [1m[32mINSERT INTO "schema_migrations" ("version") VALUES (?)[0m  [["version", "20211129090339"]]
  [1m[35m (2.8ms)[0m  [1m[36mcommit transaction[0m
Migrating to DeviseCreateUsers (20211129090828)
  [1m[35m (0.1ms)[0m  [1m[36mbegin transaction[0m
  [1m[35m (0.8ms)[0m  [1m[35mCREATE TABLE "users" ("id" integer PRIMARY KEY AUTOINCREMENT NOT NULL, "email" varchar DEFAULT '' NOT NULL, "encrypted_password" varchar DEFAULT '' NOT NULL, "reset_password_token" varchar, "reset_password_sent_at" datetime, "remember_created_at" datetime, "created_at" datetime(6) NOT NULL, "updated_at" datetime(6) NOT NULL)[0m
  [1m[35m (0.2ms)[0m  [1m[35mCREATE UNIQUE INDEX "index_users_on_email" ON "users" ("email")[0m
  [1m[35m (0.1ms)[0m  [1m[35mCREATE UNIQUE INDEX "index_users_on_reset_password_token" ON "users" ("reset_password_token")[0m
  [1m[36mActiveRecord::SchemaMigration Create (0.1ms)[0m  [1m[32mINSERT INTO "schema_migrations" ("version") VALUES (?)[0m  [["version", "20211129090828"]]
  [1m[35m (2.0ms)[0m  [1m[36mcommit transaction[0m
Migrating to CreateActiveStorageTables (20211129093524)
  [1m[35m (0.1ms)[0m  [1m[36mbegin transaction[0m
  [1m[35m (1.0ms)[0m  [1m[35mCREATE TABLE "active_storage_blobs" ("id" integer PRIMARY KEY AUTOINCREMENT NOT NULL, "key" varchar NOT NULL, "filename" varchar NOT NULL, "content_type" varchar, "metadata" text, "byte_size" bigint NOT NULL, "checksum" varchar NOT NULL, "created_at" datetime NOT NULL)[0m
  [1m[35m (0.1ms)[0m  [1m[35mCREATE UNIQUE INDEX "index_active_storage_blobs_on_key" ON "active_storage_blobs" ("key")[0m
  [1m[35m (0.2ms)[0m  [1m[35mCREATE TABLE "active_storage_attachments" ("id" integer PRIMARY KEY AUTOINCREMENT NOT NULL, "name" varchar NOT NULL, "record_type" varchar NOT NULL, "record_id" integer NOT NULL, "blob_id" integer NOT NULL, "created_at" datetime NOT NULL, CONSTRAINT "fk_rails_c3b3935057"
FOREIGN KEY ("blob_id")
  REFERENCES "active_storage_blobs" ("id")
)[0m
  [1m[35m (0.1ms)[0m  [1m[35mCREATE  INDEX "index_active_storage_attachments_on_blob_id" ON "active_storage_attachments" ("blob_id")[0m
  [1m[35m (0.1ms)[0m  [1m[35mCREATE UNIQUE INDEX "index_active_storage_attachments_uniqueness" ON "active_storage_attachments" ("record_type", "record_id", "name", "blob_id")[0m
  [1m[36mActiveRecord::SchemaMigration Create (0.1ms)[0m  [1m[32mINSERT INTO "schema_migrations" ("version") VALUES (?)[0m  [["version", "20211129093524"]]
  [1m[35m (2.1ms)[0m  [1m[36mcommit transaction[0m
Migrating to AddNameAndAge (20211129103213)
  [1m[35m (0.1ms)[0m  [1m[36mbegin transaction[0m
  [1m[35m (0.9ms)[0m  [1m[35mALTER TABLE "users" ADD "name" varchar[0m
  [1m[35m (0.4ms)[0m  [1m[35mALTER TABLE "users" ADD "age" integer[0m
  [1m[35m (0.1ms)[0m  [1m[35mCREATE UNIQUE INDEX "index_users_on_name" ON "users" ("name")[0m
  [1m[36mActiveRecord::SchemaMigration Create (0.3ms)[0m  [1m[32mINSERT INTO "schema_migrations" ("version") VALUES (?)[0m  [["version", "20211129103213"]]
  [1m[35m (1.9ms)[0m  [1m[36mcommit transaction[0m
  [1m[36mActiveRecord::InternalMetadata Load (0.3ms)[0m  [1m[34mSELECT "ar_internal_metadata".* FROM "ar_internal_metadata" WHERE "ar_internal_metadata"."key" = ? LIMIT ?[0m  [["key", "environment"], ["LIMIT", 1]]
  [1m[35m (0.0ms)[0m  [1m[36mbegin transaction[0m
  [1m[36mActiveRecord::InternalMetadata Create (0.7ms)[0m  [1m[32mINSERT INTO "ar_internal_metadata" ("key", "value", "created_at", "updated_at") VALUES (?, ?, ?, ?)[0m  [["key", "environment"], ["value", "development"], ["created_at", "2021-12-07 16:14:16.814969"], ["updated_at", "2021-12-07 16:14:16.814969"]]
  [1m[35m (2.1ms)[0m  [1m[36mcommit transaction[0m
Started GET "/" for 127.0.0.1 at 2021-12-07 23:14:16 +0700
  [1m[35m (0.1ms)[0m  [1m[34mSELECT "schema_migrations"."version" FROM "schema_migrations" ORDER BY "schema_migrations"."version" ASC[0m
Processing by StaticPagesController#home as HTML
  Rendering static_pages/home.html.erb within layouts/application
  Rendered static_pages/home.html.erb within layouts/application (Duration: 0.7ms | Allocations: 250)
[Webpacker] Compiling...
[Webpacker] Compiled all packs in C:/Users/Admin/Documents/it-nihongo3-rails/public/packs
[Webpacker] Though the "loose" option was set to "false" in your @babel/preset-env config, it will not be used for @babel/plugin-proposal-private-property-in-object since the "loose" mode option was set to "true" for @babel/plugin-proposal-class-properties.
The "loose" option must be the same for @babel/plugin-proposal-class-properties, @babel/plugin-proposal-private-methods and @babel/plugin-proposal-private-property-in-object (when they are enabled): you can silence this warning by explicitly adding
	["@babel/plugin-proposal-private-property-in-object", { "loose": true }]
to the "plugins" section of your Babel config.
Though the "loose" option was set to "false" in your @babel/preset-env config, it will not be used for @babel/plugin-proposal-private-methods since the "loose" mode option was set to "true" for @babel/plugin-proposal-private-property-in-object.
The "loose" option must be the same for @babel/plugin-proposal-class-properties, @babel/plugin-proposal-private-methods and @babel/plugin-proposal-private-property-in-object (when they are enabled): you can silence this warning by explicitly adding
	["@babel/plugin-proposal-private-methods", { "loose": true }]
to the "plugins" section of your Babel config.
Though the "loose" option was set to "false" in your @babel/preset-env config, it will not be used for @babel/plugin-proposal-private-property-in-object since the "loose" mode option was set to "true" for @babel/plugin-proposal-class-properties.
The "loose" option must be the same for @babel/plugin-proposal-class-properties, @babel/plugin-proposal-private-methods and @babel/plugin-proposal-private-property-in-object (when they are enabled): you can silence this warning by explicitly adding
	["@babel/plugin-proposal-private-property-in-object", { "loose": true }]
to the "plugins" section of your Babel config.
Though the "loose" option was set to "false" in your @babel/preset-env config, it will not be used for @babel/plugin-proposal-private-methods since the "loose" mode option was set to "true" for @babel/plugin-proposal-private-property-in-object.
The "loose" option must be the same for @babel/plugin-proposal-class-properties, @babel/plugin-proposal-private-methods and @babel/plugin-proposal-private-property-in-object (when they are enabled): you can silence this warning by explicitly adding
	["@babel/plugin-proposal-private-methods", { "loose": true }]
to the "plugins" section of your Babel config.
Though the "loose" option was set to "false" in your @babel/preset-env config, it will not be used for @babel/plugin-proposal-private-property-in-object since the "loose" mode option was set to "true" for @babel/plugin-proposal-class-properties.
The "loose" option must be the same for @babel/plugin-proposal-class-properties, @babel/plugin-proposal-private-methods and @babel/plugin-proposal-private-property-in-object (when they are enabled): you can silence this warning by explicitly adding
	["@babel/plugin-proposal-private-property-in-object", { "loose": true }]
to the "plugins" section of your Babel config.
Though the "loose" option was set to "false" in your @babel/preset-env config, it will not be used for @babel/plugin-proposal-private-methods since the "loose" mode option was set to "true" for @babel/plugin-proposal-private-property-in-object.
The "loose" option must be the same for @babel/plugin-proposal-class-properties, @babel/plugin-proposal-private-methods and @babel/plugin-proposal-private-property-in-object (when they are enabled): you can silence this warning by explicitly adding
	["@babel/plugin-proposal-private-methods", { "loose": true }]
to the "plugins" section of your Babel config.
Though the "loose" option was set to "false" in your @babel/preset-env config, it will not be used for @babel/plugin-proposal-private-property-in-object since the "loose" mode option was set to "true" for @babel/plugin-proposal-class-properties.
The "loose" option must be the same for @babel/plugin-proposal-class-properties, @babel/plugin-proposal-private-methods and @babel/plugin-proposal-private-property-in-object (when they are enabled): you can silence this warning by explicitly adding
	["@babel/plugin-proposal-private-property-in-object", { "loose": true }]
to the "plugins" section of your Babel config.
Though the "loose" option was set to "false" in your @babel/preset-env config, it will not be used for @babel/plugin-proposal-private-methods since the "loose" mode option was set to "true" for @babel/plugin-proposal-private-property-in-object.
The "loose" option must be the same for @babel/plugin-proposal-class-properties, @babel/plugin-proposal-private-methods and @babel/plugin-proposal-private-property-in-object (when they are enabled): you can silence this warning by explicitly adding
	["@babel/plugin-proposal-private-methods", { "loose": true }]
to the "plugins" section of your Babel config.
Though the "loose" option was set to "false" in your @babel/preset-env config, it will not be used for @babel/plugin-proposal-private-property-in-object since the "loose" mode option was set to "true" for @babel/plugin-proposal-class-properties.
The "loose" option must be the same for @babel/plugin-proposal-class-properties, @babel/plugin-proposal-private-methods and @babel/plugin-proposal-private-property-in-object (when they are enabled): you can silence this warning by explicitly adding
	["@babel/plugin-proposal-private-property-in-object", { "loose": true }]
to the "plugins" section of your Babel config.
Though the "loose" option was set to "false" in your @babel/preset-env config, it will not be used for @babel/plugin-proposal-private-methods since the "loose" mode option was set to "true" for @babel/plugin-proposal-private-property-in-object.
The "loose" option must be the same for @babel/plugin-proposal-class-properties, @babel/plugin-proposal-private-methods and @babel/plugin-proposal-private-property-in-object (when they are enabled): you can silence this warning by explicitly adding
	["@babel/plugin-proposal-private-methods", { "loose": true }]
to the "plugins" section of your Babel config.
Though the "loose" option was set to "false" in your @babel/preset-env config, it will not be used for @babel/plugin-proposal-private-property-in-object since the "loose" mode option was set to "true" for @babel/plugin-proposal-class-properties.
The "loose" option must be the same for @babel/plugin-proposal-class-properties, @babel/plugin-proposal-private-methods and @babel/plugin-proposal-private-property-in-object (when they are enabled): you can silence this warning by explicitly adding
	["@babel/plugin-proposal-private-property-in-object", { "loose": true }]
to the "plugins" section of your Babel config.
Though the "loose" option was set to "false" in your @babel/preset-env config, it will not be used for @babel/plugin-proposal-private-methods since the "loose" mode option was set to "true" for @babel/plugin-proposal-private-property-in-object.
The "loose" option must be the same for @babel/plugin-proposal-class-properties, @babel/plugin-proposal-private-methods and @babel/plugin-proposal-private-property-in-object (when they are enabled): you can silence this warning by explicitly adding
	["@babel/plugin-proposal-private-methods", { "loose": true }]
to the "plugins" section of your Babel config.

[Webpacker] Hash: 6f28388a41a2494ca985
Version: webpack 4.46.0
Time: 1571ms
Built at: 12/07/2021 11:14:20 PM
                                     Asset       Size       Chunks                         Chunk Names
    js/application-afaf3709eb3e4f76ed8e.js    124 KiB  application  [emitted] [immutable]  application
js/application-afaf3709eb3e4f76ed8e.js.map    139 KiB  application  [emitted] [dev]        application
                             manifest.json  364 bytes               [emitted]              
Entrypoint application = js/application-afaf3709eb3e4f76ed8e.js js/application-afaf3709eb3e4f76ed8e.js.map
[./app/javascript/channels sync recursive _channel\.js$] ./app/javascript/channels sync _channel\.js$ 160 bytes {application} [built]
[./app/javascript/channels/index.js] 211 bytes {application} [built]
[./app/javascript/packs/application.js] 749 bytes {application} [built]
[./node_modules/webpack/buildin/module.js] (webpack)/buildin/module.js 552 bytes {application} [built]
    + 3 hidden modules

Completed 200 OK in 3997ms (Views: 3976.9ms | ActiveRecord: 0.0ms | Allocations: 131815)


Started GET "/users/sign_up" for 127.0.0.1 at 2021-12-07 23:14:22 +0700
Processing by Devise::RegistrationsController#new as HTML
  Rendering devise/registrations/new.html.erb within layouts/application
  Rendered devise/shared/_error_messages.html.erb (Duration: 0.5ms | Allocations: 225)
  Rendered devise/shared/_links.html.erb (Duration: 0.8ms | Allocations: 560)
  Rendered devise/registrations/new.html.erb within layouts/application (Duration: 116.9ms | Allocations: 10434)
[Webpacker] Everything's up-to-date. Nothing to do
Completed 200 OK in 181ms (Views: 164.0ms | ActiveRecord: 1.0ms | Allocations: 28229)


Started GET "/users/sign_in" for 127.0.0.1 at 2021-12-07 23:14:24 +0700
Processing by Devise::SessionsController#new as HTML
  Rendering devise/sessions/new.html.erb within layouts/application
  Rendered devise/shared/_links.html.erb (Duration: 0.3ms | Allocations: 237)
  Rendered devise/sessions/new.html.erb within layouts/application (Duration: 17.4ms | Allocations: 3505)
[Webpacker] Everything's up-to-date. Nothing to do
Completed 200 OK in 71ms (Views: 70.3ms | ActiveRecord: 0.0ms | Allocations: 16065)


Started GET "/" for 127.0.0.1 at 2021-12-07 23:14:24 +0700
Processing by StaticPagesController#home as HTML
  Rendering static_pages/home.html.erb within layouts/application
  Rendered static_pages/home.html.erb within layouts/application (Duration: 0.3ms | Allocations: 41)
[Webpacker] Everything's up-to-date. Nothing to do
Completed 200 OK in 49ms (Views: 48.7ms | ActiveRecord: 0.0ms | Allocations: 4332)


Started GET "/users/sign_up" for 127.0.0.1 at 2021-12-07 23:14:25 +0700
Processing by Devise::RegistrationsController#new as HTML
  Rendering devise/registrations/new.html.erb within layouts/application
  Rendered devise/shared/_error_messages.html.erb (Duration: 0.0ms | Allocations: 16)
  Rendered devise/shared/_links.html.erb (Duration: 0.1ms | Allocations: 81)
  Rendered devise/registrations/new.html.erb within layouts/application (Duration: 2.4ms | Allocations: 1607)
[Webpacker] Everything's up-to-date. Nothing to do
Completed 200 OK in 46ms (Views: 45.4ms | ActiveRecord: 0.0ms | Allocations: 6051)


Started GET "/users/sign_in" for 127.0.0.1 at 2021-12-07 23:14:25 +0700
Processing by Devise::SessionsController#new as HTML
  Rendering devise/sessions/new.html.erb within layouts/application
  Rendered devise/shared/_links.html.erb (Duration: 0.1ms | Allocations: 134)
  Rendered devise/sessions/new.html.erb within layouts/application (Duration: 1.4ms | Allocations: 1039)
[Webpacker] Everything's up-to-date. Nothing to do
Completed 200 OK in 45ms (Views: 42.9ms | ActiveRecord: 0.0ms | Allocations: 5510)


Started GET "/" for 127.0.0.1 at 2021-12-07 23:14:26 +0700
Processing by StaticPagesController#home as HTML
  Rendering static_pages/home.html.erb within layouts/application
  Rendered static_pages/home.html.erb within layouts/application (Duration: 0.1ms | Allocations: 41)
[Webpacker] Everything's up-to-date. Nothing to do
Completed 200 OK in 49ms (Views: 48.5ms | ActiveRecord: 0.0ms | Allocations: 4246)


Started GET "/users/sign_up" for 127.0.0.1 at 2021-12-07 23:14:26 +0700
Processing by Devise::RegistrationsController#new as HTML
  Rendering devise/registrations/new.html.erb within layouts/application
  Rendered devise/shared/_error_messages.html.erb (Duration: 0.0ms | Allocations: 15)
  Rendered devise/shared/_links.html.erb (Duration: 0.2ms | Allocations: 81)
  Rendered devise/registrations/new.html.erb within layouts/application (Duration: 2.8ms | Allocations: 1588)
[Webpacker] Everything's up-to-date. Nothing to do
Completed 200 OK in 48ms (Views: 46.4ms | ActiveRecord: 0.0ms | Allocations: 6003)


Started POST "/users" for 127.0.0.1 at 2021-12-07 23:14:52 +0700
Processing by Devise::RegistrationsController#create as HTML
  Parameters: {"authenticity_token"=>"p6y6YzYbikZi0ZQBm3iBti/mivntvpP0uSqEFI2wyg6Tya2gRkdMy8hws+3zZf/3+36bkYFZt4csucWro1fC4Q==", "user"=>{"name"=>"Nữ giới", "age"=>"12", "avatar"=>#<ActionDispatch::Http::UploadedFile:0x000001b96226a788 @tempfile=#<Tempfile:C:/Users/Admin/AppData/Local/Temp/RackMultipart20211207-19392-g1mkr2.png>, @original_filename="917476.png", @content_type="image/png", @headers="Content-Disposition: form-data; name=\"user[avatar]\"; filename=\"917476.png\"\r\nContent-Type: image/png\r\n">, "email"=>"doretienshinh2@gmail.com", "password"=>"[FILTERED]", "password_confirmation"=>"[FILTERED]"}, "commit"=>"Sign up"}
  [1m[35m (0.1ms)[0m  [1m[36mbegin transaction[0m
  [1m[36mUser Exists? (0.3ms)[0m  [1m[34mSELECT 1 AS one FROM "users" WHERE "users"."email" = ? LIMIT ?[0m  [["email", "doretienshinh2@gmail.com"], ["LIMIT", 1]]
  [1m[36mUser Create (0.7ms)[0m  [1m[32mINSERT INTO "users" ("email", "encrypted_password", "created_at", "updated_at", "name", "age") VALUES (?, ?, ?, ?, ?, ?)[0m  [["email", "doretienshinh2@gmail.com"], ["encrypted_password", "$2a$12$2o3UrKUVmlbxfW3DQvgtEenSlb49uR2SiysE7ZiJDTAdkCJjVxk9S"], ["created_at", "2021-12-07 16:14:52.583671"], ["updated_at", "2021-12-07 16:14:52.583671"], ["name", "Nữ giới"], ["age", 12]]
  [1m[36mActiveStorage::Blob Load (0.2ms)[0m  [1m[34mSELECT "active_storage_blobs".* FROM "active_storage_blobs" INNER JOIN "active_storage_attachments" ON "active_storage_blobs"."id" = "active_storage_attachments"."blob_id" WHERE "active_storage_attachments"."record_id" = ? AND "active_storage_attachments"."record_type" = ? AND "active_storage_attachments"."name" = ? LIMIT ?[0m  [["record_id", 1], ["record_type", "User"], ["name", "avatar"], ["LIMIT", 1]]
  [1m[36mActiveStorage::Attachment Load (0.1ms)[0m  [1m[34mSELECT "active_storage_attachments".* FROM "active_storage_attachments" WHERE "active_storage_attachments"."record_id" = ? AND "active_storage_attachments"."record_type" = ? AND "active_storage_attachments"."name" = ? LIMIT ?[0m  [["record_id", 1], ["record_type", "User"], ["name", "avatar"], ["LIMIT", 1]]
  [1m[36mActiveStorage::Blob Create (0.2ms)[0m  [1m[32mINSERT INTO "active_storage_blobs" ("key", "filename", "content_type", "metadata", "byte_size", "checksum", "created_at") VALUES (?, ?, ?, ?, ?, ?, ?)[0m  [["key", "ss7gj15jckzt7qed0s9ublf8h2vo"], ["filename", "917476.png"], ["content_type", "image/png"], ["metadata", "{\"identified\":true}"], ["byte_size", 7383940], ["checksum", "3MmSXdayGuqvuUyj1cMAbg=="], ["created_at", "2021-12-07 16:14:52.847364"]]
  [1m[36mActiveStorage::Attachment Create (0.2ms)[0m  [1m[32mINSERT INTO "active_storage_attachments" ("name", "record_type", "record_id", "blob_id", "created_at") VALUES (?, ?, ?, ?, ?)[0m  [["name", "avatar"], ["record_type", "User"], ["record_id", 1], ["blob_id", 1], ["created_at", "2021-12-07 16:14:52.851733"]]
  [1m[36mUser Update (0.7ms)[0m  [1m[33mUPDATE "users" SET "updated_at" = ? WHERE "users"."id" = ?[0m  [["updated_at", "2021-12-07 16:14:52.853773"], ["id", 1]]
  [1m[35m (2.9ms)[0m  [1m[36mcommit transaction[0m
[36m  Disk Storage (34.2ms) [0m[32mUploaded file to key: ss7gj15jckzt7qed0s9ublf8h2vo (checksum: 3MmSXdayGuqvuUyj1cMAbg==)[0m
[ActiveJob] Enqueued ActiveStorage::AnalyzeJob (Job ID: 2729e3b2-d053-4950-926c-64d0eac08f1b) to Async(active_storage_analysis) with arguments: #<GlobalID:0x000001b966ca4c68 @uri=#<URI::GID gid://thefirstrails/ActiveStorage::Blob/1>>
Redirected to http://127.0.0.1:3000/
Completed 302 Found in 697ms (ActiveRecord: 6.1ms | Allocations: 81822)


  [1m[35m (0.1ms)[0m  [1m[34mSELECT sqlite_version(*)[0m
  [1m[36mActiveStorage::Blob Load (0.2ms)[0m  [1m[34mSELECT "active_storage_blobs".* FROM "active_storage_blobs" WHERE "active_storage_blobs"."id" = ? LIMIT ?[0m  [["id", 1], ["LIMIT", 1]]
[ActiveJob] [ActiveStorage::AnalyzeJob] [2729e3b2-d053-4950-926c-64d0eac08f1b] Performing ActiveStorage::AnalyzeJob (Job ID: 2729e3b2-d053-4950-926c-64d0eac08f1b) from Async(active_storage_analysis) enqueued at 2021-12-07T16:14:53Z with arguments: #<GlobalID:0x000001b9666bd3b8 @uri=#<URI::GID gid://thefirstrails/ActiveStorage::Blob/1>>
Started GET "/" for 127.0.0.1 at 2021-12-07 23:14:53 +0700
Processing by StaticPagesController#home as HTML
  Rendering static_pages/home.html.erb within layouts/application
  Rendered static_pages/home.html.erb within layouts/application (Duration: 0.2ms | Allocations: 64)
[ActiveJob] [ActiveStorage::AnalyzeJob] [2729e3b2-d053-4950-926c-64d0eac08f1b] [36m  Disk Storage (21.5ms) [0m[34mDownloaded file from key: ss7gj15jckzt7qed0s9ublf8h2vo[0m
[ActiveJob] [ActiveStorage::AnalyzeJob] [2729e3b2-d053-4950-926c-64d0eac08f1b] Skipping image analysis because the mini_magick gem isn't installed
[ActiveJob] [ActiveStorage::AnalyzeJob] [2729e3b2-d053-4950-926c-64d0eac08f1b]   [1m[35m (0.1ms)[0m  [1m[36mbegin transaction[0m
[ActiveJob] [ActiveStorage::AnalyzeJob] [2729e3b2-d053-4950-926c-64d0eac08f1b]   [1m[36mActiveStorage::Blob Update (0.9ms)[0m  [1m[33mUPDATE "active_storage_blobs" SET "metadata" = ? WHERE "active_storage_blobs"."id" = ?[0m  [["metadata", "{\"identified\":true,\"analyzed\":true}"], ["id", 1]]
[ActiveJob] [ActiveStorage::AnalyzeJob] [2729e3b2-d053-4950-926c-64d0eac08f1b]   [1m[35m (2.8ms)[0m  [1m[36mcommit transaction[0m
[ActiveJob] [ActiveStorage::AnalyzeJob] [2729e3b2-d053-4950-926c-64d0eac08f1b] Performed ActiveStorage::AnalyzeJob (Job ID: 2729e3b2-d053-4950-926c-64d0eac08f1b) from Async(active_storage_analysis) in 67.96ms
[Webpacker] Everything's up-to-date. Nothing to do
  [1m[36mUser Load (0.2ms)[0m  [1m[34mSELECT "users".* FROM "users" WHERE "users"."id" = ? ORDER BY "users"."id" ASC LIMIT ?[0m  [["id", 1], ["LIMIT", 1]]
  ↳ app/views/layouts/application.html.erb:14
Completed 200 OK in 63ms (Views: 50.0ms | ActiveRecord: 0.2ms | Allocations: 10568)


Started GET "/users/show" for 127.0.0.1 at 2021-12-07 23:14:55 +0700
Processing by UsersController#show as HTML
  [1m[36mUser Load (0.2ms)[0m  [1m[34mSELECT "users".* FROM "users" WHERE "users"."id" = ? ORDER BY "users"."id" ASC LIMIT ?[0m  [["id", 1], ["LIMIT", 1]]
  ↳ app/controllers/users_controller.rb:3:in `show'
  Rendering users/show.html.erb within layouts/application
  [1m[36mActiveStorage::Attachment Load (0.2ms)[0m  [1m[34mSELECT "active_storage_attachments".* FROM "active_storage_attachments" WHERE "active_storage_attachments"."record_id" = ? AND "active_storage_attachments"."record_type" = ? AND "active_storage_attachments"."name" = ? LIMIT ?[0m  [["record_id", 1], ["record_type", "User"], ["name", "avatar"], ["LIMIT", 1]]
  ↳ app/views/users/show.html.erb:4
  [1m[36mActiveStorage::Blob Load (0.2ms)[0m  [1m[34mSELECT "active_storage_blobs".* FROM "active_storage_blobs" WHERE "active_storage_blobs"."id" = ? LIMIT ?[0m  [["id", 1], ["LIMIT", 1]]
  ↳ app/views/users/show.html.erb:5
  Rendered users/show.html.erb within layouts/application (Duration: 6.5ms | Allocations: 3042)
[Webpacker] Everything's up-to-date. Nothing to do
Completed 200 OK in 62ms (Views: 58.3ms | ActiveRecord: 0.6ms | Allocations: 9432)


Started GET "/rails/active_storage/blobs/eyJfcmFpbHMiOnsibWVzc2FnZSI6IkJBaHBCZz09IiwiZXhwIjpudWxsLCJwdXIiOiJibG9iX2lkIn19--0d95da42113d1ea10c9e6ef3b114f5972ec20f33/917476.png" for 127.0.0.1 at 2021-12-07 23:14:55 +0700
Processing by ActiveStorage::BlobsController#show as PNG
  Parameters: {"signed_id"=>"eyJfcmFpbHMiOnsibWVzc2FnZSI6IkJBaHBCZz09IiwiZXhwIjpudWxsLCJwdXIiOiJibG9iX2lkIn19--0d95da42113d1ea10c9e6ef3b114f5972ec20f33", "filename"=>"917476"}
  [1m[36mActiveStorage::Blob Load (0.2ms)[0m  [1m[34mSELECT "active_storage_blobs".* FROM "active_storage_blobs" WHERE "active_storage_blobs"."id" = ? LIMIT ?[0m  [["id", 1], ["LIMIT", 1]]
[36m  Disk Storage (2.3ms) [0m[34mGenerated URL for file at key: ss7gj15jckzt7qed0s9ublf8h2vo (http://127.0.0.1:3000/rails/active_storage/disk/eyJfcmFpbHMiOnsibWVzc2FnZSI6IkJBaDdDRG9JYTJWNVNTSWhjM00zWjJveE5XcGphM3AwTjNGbFpEQnpPWFZpYkdZNGFESjJid1k2QmtWVU9oQmthWE53YjNOcGRHbHZia2tpUDJsdWJHbHVaVHNnWm1sc1pXNWhiV1U5SWpreE56UTNOaTV3Ym1jaU95Qm1hV3hsYm1GdFpTbzlWVlJHTFRnbkp6a3hOelEzTmk1d2JtY0dPd1pVT2hGamIyNTBaVzUwWDNSNWNHVkpJZzVwYldGblpTOXdibWNHT3daVSIsImV4cCI6IjIwMjEtMTItMDdUMTY6MTk6NTUuNDQ2WiIsInB1ciI6ImJsb2Jfa2V5In19--21fbb2028b2c944cb7b10c2a6021b940ae66ab89/917476.png?content_type=image%2Fpng&disposition=inline%3B+filename%3D%22917476.png%22%3B+filename%2A%3DUTF-8%27%27917476.png)[0m
Redirected to http://127.0.0.1:3000/rails/active_storage/disk/eyJfcmFpbHMiOnsibWVzc2FnZSI6IkJBaDdDRG9JYTJWNVNTSWhjM00zWjJveE5XcGphM3AwTjNGbFpEQnpPWFZpYkdZNGFESjJid1k2QmtWVU9oQmthWE53YjNOcGRHbHZia2tpUDJsdWJHbHVaVHNnWm1sc1pXNWhiV1U5SWpreE56UTNOaTV3Ym1jaU95Qm1hV3hsYm1GdFpTbzlWVlJHTFRnbkp6a3hOelEzTmk1d2JtY0dPd1pVT2hGamIyNTBaVzUwWDNSNWNHVkpJZzVwYldGblpTOXdibWNHT3daVSIsImV4cCI6IjIwMjEtMTItMDdUMTY6MTk6NTUuNDQ2WiIsInB1ciI6ImJsb2Jfa2V5In19--21fbb2028b2c944cb7b10c2a6021b940ae66ab89/917476.png?content_type=image%2Fpng&disposition=inline%3B+filename%3D%22917476.png%22%3B+filename%2A%3DUTF-8%27%27917476.png
Completed 302 Found in 13ms (ActiveRecord: 0.2ms | Allocations: 2955)


Started GET "/rails/active_storage/disk/eyJfcmFpbHMiOnsibWVzc2FnZSI6IkJBaDdDRG9JYTJWNVNTSWhjM00zWjJveE5XcGphM3AwTjNGbFpEQnpPWFZpYkdZNGFESjJid1k2QmtWVU9oQmthWE53YjNOcGRHbHZia2tpUDJsdWJHbHVaVHNnWm1sc1pXNWhiV1U5SWpreE56UTNOaTV3Ym1jaU95Qm1hV3hsYm1GdFpTbzlWVlJHTFRnbkp6a3hOelEzTmk1d2JtY0dPd1pVT2hGamIyNTBaVzUwWDNSNWNHVkpJZzVwYldGblpTOXdibWNHT3daVSIsImV4cCI6IjIwMjEtMTItMDdUMTY6MTk6NTUuNDQ2WiIsInB1ciI6ImJsb2Jfa2V5In19--21fbb2028b2c944cb7b10c2a6021b940ae66ab89/917476.png?content_type=image%2Fpng&disposition=inline%3B+filename%3D%22917476.png%22%3B+filename%2A%3DUTF-8%27%27917476.png" for 127.0.0.1 at 2021-12-07 23:14:55 +0700
Processing by ActiveStorage::DiskController#show as PNG
  Parameters: {"content_type"=>"image/png", "disposition"=>"inline; filename=\"917476.png\"; filename*=UTF-8''917476.png", "encoded_key"=>"eyJfcmFpbHMiOnsibWVzc2FnZSI6IkJBaDdDRG9JYTJWNVNTSWhjM00zWjJveE5XcGphM3AwTjNGbFpEQnpPWFZpYkdZNGFESjJid1k2QmtWVU9oQmthWE53YjNOcGRHbHZia2tpUDJsdWJHbHVaVHNnWm1sc1pXNWhiV1U5SWpreE56UTNOaTV3Ym1jaU95Qm1hV3hsYm1GdFpTbzlWVlJHTFRnbkp6a3hOelEzTmk1d2JtY0dPd1pVT2hGamIyNTBaVzUwWDNSNWNHVkpJZzVwYldGblpTOXdibWNHT3daVSIsImV4cCI6IjIwMjEtMTItMDdUMTY6MTk6NTUuNDQ2WiIsInB1ciI6ImJsb2Jfa2V5In19--21fbb2028b2c944cb7b10c2a6021b940ae66ab89", "filename"=>"917476"}
Completed 200 OK in 1ms (ActiveRecord: 0.0ms | Allocations: 603)


Started GET "/" for 127.0.0.1 at 2021-12-07 23:20:36 +0700
  [1m[35m (4.4ms)[0m  [1m[34mSELECT sqlite_version(*)[0m
  [1m[35m (0.2ms)[0m  [1m[34mSELECT "schema_migrations"."version" FROM "schema_migrations" ORDER BY "schema_migrations"."version" ASC[0m
Processing by StaticPagesController#home as HTML
  Rendering static_pages/home.html.erb within layouts/application
  Rendered static_pages/home.html.erb within layouts/application (Duration: 10.2ms | Allocations: 1243)
[Webpacker] Everything's up-to-date. Nothing to do
  [1m[36mUser Load (0.2ms)[0m  [1m[34mSELECT "users".* FROM "users" WHERE "users"."id" = ? ORDER BY "users"."id" ASC LIMIT ?[0m  [["id", 1], ["LIMIT", 1]]
  ↳ app/views/layouts/application.html.erb:14
Completed 200 OK in 246ms (Views: 220.1ms | ActiveRecord: 1.0ms | Allocations: 38447)


Started DELETE "/users/sign_out" for 127.0.0.1 at 2021-12-07 23:20:39 +0700
Processing by Devise::SessionsController#destroy as HTML
  Parameters: {"authenticity_token"=>"CkQHYbZdgn9+37kFK1te5ubeOIxR4mX2yLMkS4qAEzZJ8gFnv9hfmnZzNmCO3cOEn9FcHSmxfIT1tXKx2Cit6g=="}
  [1m[36mUser Load (0.2ms)[0m  [1m[34mSELECT "users".* FROM "users" WHERE "users"."id" = ? ORDER BY "users"."id" ASC LIMIT ?[0m  [["id", 1], ["LIMIT", 1]]
Redirected to http://127.0.0.1:3000/
Completed 302 Found in 75ms (ActiveRecord: 0.2ms | Allocations: 14676)


Started GET "/" for 127.0.0.1 at 2021-12-07 23:20:39 +0700
Processing by StaticPagesController#home as HTML
  Rendering static_pages/home.html.erb within layouts/application
  Rendered static_pages/home.html.erb within layouts/application (Duration: 0.1ms | Allocations: 54)
[Webpacker] Everything's up-to-date. Nothing to do
Completed 200 OK in 51ms (Views: 50.8ms | ActiveRecord: 0.0ms | Allocations: 4600)


Started GET "/users/sign_up" for 127.0.0.1 at 2021-12-07 23:20:40 +0700
Processing by Devise::RegistrationsController#new as HTML
  Rendering devise/registrations/new.html.erb within layouts/application
  Rendered devise/shared/_error_messages.html.erb (Duration: 0.5ms | Allocations: 235)
  Rendered devise/shared/_links.html.erb (Duration: 1.4ms | Allocations: 560)
  Rendered devise/registrations/new.html.erb within layouts/application (Duration: 42.8ms | Allocations: 5211)
[Webpacker] Everything's up-to-date. Nothing to do
Completed 200 OK in 87ms (Views: 86.7ms | ActiveRecord: 0.0ms | Allocations: 11388)


